app/manifest-merger-release-report.txt
-- Merging decision tree log ---
manifest
ADDED from AndroidManifest.xml:2:1
	package
		ADDED from AndroidManifest.xml:6:5
		INJECTED from AndroidManifest.xml:0:0
		INJECTED from AndroidManifest.xml:0:0
	android:versionName
		ADDED from AndroidManifest.xml:4:5
		INJECTED from AndroidManifest.xml:0:0
		INJECTED from AndroidManifest.xml:0:0
	android:versionCode
		ADDED from AndroidManifest.xml:3:5
		INJECTED from AndroidManifest.xml:0:0
		INJECTED from AndroidManifest.xml:0:0
	xmlns:android
		ADDED from AndroidManifest.xml:2:11
uses-permission#android.permission.WRITE_EXTERNAL_STORAGE
ADDED from AndroidManifest.xml:9:5
	android:name
		ADDED from AndroidManifest.xml:9:22
uses-permission#android.permission.INTERNET
ADDED from AndroidManifest.xml:10:5
	android:name
		ADDED from AndroidManifest.xml:10:22
uses-permission#android.permission.ACCESS_NETWORK_STATE
ADDED from AndroidManifest.xml:11:5
	android:name
		ADDED from AndroidManifest.xml:11:22
uses-permission#android.permission.ACCESS_WIFI_STATE
ADDED from AndroidManifest.xml:12:5
	android:name
		ADDED from AndroidManifest.xml:12:22
uses-permission#android.permission.RECORD_AUDIO
ADDED from AndroidManifest.xml:13:5
	android:name
		ADDED from AndroidManifest.xml:13:22
application
ADDED from AndroidManifest.xml:15:5
MERGED from com.android.support:appcompat-v7:21.0.3:16:5
MERGED from com.android.support:support-v4:21.0.3:16:5
MERGED from com.android.support:cardview-v7:21.0.3:16:5
MERGED from com.github.navasmdc:MaterialDesign:1.0:11:5
MERGED from com.google.android.gms:play-services:6.5.87:20:5
MERGED from com.android.support:support-v4:21.0.3:16:5
	android:label
		ADDED from AndroidManifest.xml:18:9
	android:allowBackup
		ADDED from AndroidManifest.xml:16:9
	android:icon
		ADDED from AndroidManifest.xml:17:9
	android:theme
		ADDED from AndroidManifest.xml:19:9
activity#photran.me.eLyrics.MainActivity
ADDED from AndroidManifest.xml:20:9
	android:screenOrientation
		ADDED from AndroidManifest.xml:22:13
	android:label
		ADDED from AndroidManifest.xml:23:13
	android:name
		ADDED from AndroidManifest.xml:21:13
intent-filter#android.intent.action.MAIN+android.intent.category.LAUNCHER
ADDED from AndroidManifest.xml:24:13
action#android.intent.action.MAIN
ADDED from AndroidManifest.xml:25:17
	android:name
		ADDED from AndroidManifest.xml:25:25
category#android.intent.category.LAUNCHER
ADDED from AndroidManifest.xml:26:17
	android:name
		ADDED from AndroidManifest.xml:26:27
activity#photran.me.eLyrics.SongDetailActivity
ADDED from AndroidManifest.xml:30:9
	android:screenOrientation
		ADDED from AndroidManifest.xml:31:13
	android:label
		ADDED from AndroidManifest.xml:33:13
	android:theme
		ADDED from AndroidManifest.xml:32:13
	android:name
		ADDED from AndroidManifest.xml:30:19
activity#photran.me.videoview.acvitity.OpenYouTubePlayerActivity
ADDED from AndroidManifest.xml:36:9
	android:screenOrientation
		ADDED from AndroidManifest.xml:38:13
	android:label
		ADDED from AndroidManifest.xml:41:13
	android:configChanges
		ADDED from AndroidManifest.xml:39:13
	android:theme
		ADDED from AndroidManifest.xml:40:13
	android:name
		ADDED from AndroidManifest.xml:37:13
uses-sdk
INJECTED from AndroidManifest.xml:0:0 reason: use-sdk injection requested
MERGED from com.android.support:appcompat-v7:21.0.3:15:5
MERGED from com.android.support:support-v4:21.0.3:15:5
MERGED from com.android.support:cardview-v7:21.0.3:15:5
MERGED from com.github.navasmdc:MaterialDesign:1.0:7:5
MERGED from com.google.android.gms:play-services:6.5.87:18:5
MERGED from com.android.support:support-v4:21.0.3:15:5
	android:targetSdkVersion
		INJECTED from AndroidManifest.xml:0:0
		INJECTED from AndroidManifest.xml:0:0
	android:minSdkVersion
		INJECTED from AndroidManifest.xml:0:0
		INJECTED from AndroidManifest.xml:0:0
meta-data#com.google.android.gms.version
ADDED from com.google.android.gms:play-services:6.5.87:21:9
	android:value
		ADDED from com.google.android.gms:play-services:6.5.87:23:13
	android:name
		ADDED from com.google.android.gms:play-services:6.5.87:22:13